Build started 2012-11-20 오전 11:25:29.
     1>Project "C:\Users\SEC\Documents\Visual Studio 2010\Projects\PDSPRJ07\PDSPRJ07\PDSPRJ07.vcxproj" on node 2 (build target(s)).
     1>InitializeBuildStatus:
         Creating "Debug\PDSPRJ07.unsuccessfulbuild" because "AlwaysCreate" was specified.
       ClCompile:
         c:\Program Files (x86)\Microsoft Visual Studio 10.0\VC\bin\CL.exe /c /ZI /nologo /W3 /WX- /Od /Oy- /D WIN32 /D _DEBUG /D _CONSOLE /D _UNICODE /D UNICODE /Gm /EHsc /RTC1 /MDd /GS /fp:precise /Zc:wchar_t /Zc:forScope /Fo"Debug\\" /Fd"Debug\vc100.pdb" /Gd /TP /analyze- /errorReport:prompt PDSPRJ07.cpp
         PDSPRJ07.cpp
     1>c:\users\sec\documents\visual studio 2010\projects\pdsprj07\pdsprj07\pdsprj07.cpp(155): warning C4996: 'fopen': This function or variable may be unsafe. Consider using fopen_s instead. To disable deprecation, use _CRT_SECURE_NO_WARNINGS. See online help for details.
                 c:\program files (x86)\microsoft visual studio 10.0\vc\include\stdio.h(234) : see declaration of 'fopen'
     1>c:\users\sec\documents\visual studio 2010\projects\pdsprj07\pdsprj07\pdsprj07.cpp(161): warning C4996: 'fopen': This function or variable may be unsafe. Consider using fopen_s instead. To disable deprecation, use _CRT_SECURE_NO_WARNINGS. See online help for details.
                 c:\program files (x86)\microsoft visual studio 10.0\vc\include\stdio.h(234) : see declaration of 'fopen'
     1>c:\users\sec\documents\visual studio 2010\projects\pdsprj07\pdsprj07\pdsprj07.cpp(172): warning C4996: 'fscanf': This function or variable may be unsafe. Consider using fscanf_s instead. To disable deprecation, use _CRT_SECURE_NO_WARNINGS. See online help for details.
                 c:\program files (x86)\microsoft visual studio 10.0\vc\include\stdio.h(253) : see declaration of 'fscanf'
     1>c:\users\sec\documents\visual studio 2010\projects\pdsprj07\pdsprj07\pdsprj07.cpp(147): warning C4101: 'n' : unreferenced local variable
     1>c:\users\sec\documents\visual studio 2010\projects\pdsprj07\pdsprj07\pdsprj07.cpp(147): warning C4101: 'i' : unreferenced local variable
       ManifestResourceCompile:
         All outputs are up-to-date.
       Link:
         c:\Program Files (x86)\Microsoft Visual Studio 10.0\VC\bin\link.exe /ERRORREPORT:PROMPT /OUT:"C:\Users\SEC\Documents\Visual Studio 2010\Projects\PDSPRJ07\Debug\PDSPRJ07.exe" /INCREMENTAL /NOLOGO kernel32.lib user32.lib gdi32.lib winspool.lib comdlg32.lib advapi32.lib shell32.lib ole32.lib oleaut32.lib uuid.lib odbc32.lib odbccp32.lib /MANIFEST /ManifestFile:"Debug\PDSPRJ07.exe.intermediate.manifest" /MANIFESTUAC:"level='asInvoker' uiAccess='false'" /DEBUG /PDB:"C:\Users\SEC\Documents\Visual Studio 2010\Projects\PDSPRJ07\Debug\PDSPRJ07.pdb" /SUBSYSTEM:CONSOLE /TLBID:1 /DYNAMICBASE /NXCOMPAT /IMPLIB:"C:\Users\SEC\Documents\Visual Studio 2010\Projects\PDSPRJ07\Debug\PDSPRJ07.lib" /MACHINE:X86 Debug\PDSPRJ07.exe.embed.manifest.res
         Debug\PDSPRJ07.obj
       Manifest:
         C:\Program Files (x86)\Microsoft SDKs\Windows\v7.0A\bin\mt.exe /nologo /verbose /out:"Debug\PDSPRJ07.exe.embed.manifest" /manifest Debug\PDSPRJ07.exe.intermediate.manifest
         All outputs are up-to-date.
       LinkEmbedManifest:
         All outputs are up-to-date.
         PDSPRJ07.vcxproj -> C:\Users\SEC\Documents\Visual Studio 2010\Projects\PDSPRJ07\Debug\PDSPRJ07.exe
       FinalizeBuildStatus:
         Deleting file "Debug\PDSPRJ07.unsuccessfulbuild".
         Touching "Debug\PDSPRJ07.lastbuildstate".
     1>Done Building Project "C:\Users\SEC\Documents\Visual Studio 2010\Projects\PDSPRJ07\PDSPRJ07\PDSPRJ07.vcxproj" (build target(s)).

Build succeeded.

Time Elapsed 00:00:01.03
