Build started 2012-09-12 오전 10:03:20.
     1>Project "C:\Users\SEC\Documents\Visual Studio 2010\Projects\PDSE02B_21000172\PDSE02B_21000172\PDSE02B_21000172.vcxproj" on node 2 (build target(s)).
     1>InitializeBuildStatus:
         Creating "Debug\PDSE02B_21000172.unsuccessfulbuild" because "AlwaysCreate" was specified.
       ClCompile:
         c:\Program Files (x86)\Microsoft Visual Studio 10.0\VC\bin\CL.exe /c /ZI /nologo /W3 /WX- /Od /Oy- /D WIN32 /D _DEBUG /D _CONSOLE /D _UNICODE /D UNICODE /Gm /EHsc /RTC1 /MDd /GS /fp:precise /Zc:wchar_t /Zc:forScope /Fo"Debug\\" /Fd"Debug\vc100.pdb" /Gd /TC /analyze- /errorReport:prompt PDSE02B_21000172.c
         PDSE02B_21000172.c
     1>c:\users\sec\documents\visual studio 2010\projects\pdse02b_21000172\pdse02b_21000172\pdse02b_21000172.c(27): warning C4067: unexpected tokens following preprocessor directive - expected a newline
     1>c:\users\sec\documents\visual studio 2010\projects\pdse02b_21000172\pdse02b_21000172\pdse02b_21000172.c(66): warning C4996: 'fscanf': This function or variable may be unsafe. Consider using fscanf_s instead. To disable deprecation, use _CRT_SECURE_NO_WARNINGS. See online help for details.
                 c:\program files (x86)\microsoft visual studio 10.0\vc\include\stdio.h(253) : see declaration of 'fscanf'
     1>c:\users\sec\documents\visual studio 2010\projects\pdse02b_21000172\pdse02b_21000172\pdse02b_21000172.c(73): warning C4013: 'peek' undefined; assuming extern returning int
     1>c:\users\sec\documents\visual studio 2010\projects\pdse02b_21000172\pdse02b_21000172\pdse02b_21000172.c(73): warning C4013: 'peek2' undefined; assuming extern returning int
     1>c:\users\sec\documents\visual studio 2010\projects\pdse02b_21000172\pdse02b_21000172\pdse02b_21000172.c(82): warning C4013: 'isEmpty2' undefined; assuming extern returning int
     1>c:\users\sec\documents\visual studio 2010\projects\pdse02b_21000172\pdse02b_21000172\pdse02b_21000172.c(52): warning C4101: 'x' : unreferenced local variable
     1>c:\users\sec\documents\visual studio 2010\projects\pdse02b_21000172\pdse02b_21000172\pdse02b_21000172.c(96): warning C4996: 'fopen': This function or variable may be unsafe. Consider using fopen_s instead. To disable deprecation, use _CRT_SECURE_NO_WARNINGS. See online help for details.
                 c:\program files (x86)\microsoft visual studio 10.0\vc\include\stdio.h(234) : see declaration of 'fopen'
     1>c:\users\sec\documents\visual studio 2010\projects\pdse02b_21000172\pdse02b_21000172\pdse02b_21000172.c(105): warning C4996: 'fopen': This function or variable may be unsafe. Consider using fopen_s instead. To disable deprecation, use _CRT_SECURE_NO_WARNINGS. See online help for details.
                 c:\program files (x86)\microsoft visual studio 10.0\vc\include\stdio.h(234) : see declaration of 'fopen'
     1>c:\users\sec\documents\visual studio 2010\projects\pdse02b_21000172\pdse02b_21000172\pdse02b_21000172.c(172): warning C4715: 'deleteq' : not all control paths return a value
     1>c:\users\sec\documents\visual studio 2010\projects\pdse02b_21000172\pdse02b_21000172\pdse02b_21000172.c(186): warning C4715: 'deleteq2' : not all control paths return a value
       ManifestResourceCompile:
         All outputs are up-to-date.
       Link:
         c:\Program Files (x86)\Microsoft Visual Studio 10.0\VC\bin\link.exe /ERRORREPORT:PROMPT /OUT:"C:\Users\SEC\Documents\Visual Studio 2010\Projects\PDSE02B_21000172\Debug\PDSE02B_21000172.exe" /INCREMENTAL /NOLOGO kernel32.lib user32.lib gdi32.lib winspool.lib comdlg32.lib advapi32.lib shell32.lib ole32.lib oleaut32.lib uuid.lib odbc32.lib odbccp32.lib /MANIFEST /ManifestFile:"Debug\PDSE02B_21000172.exe.intermediate.manifest" /MANIFESTUAC:"level='asInvoker' uiAccess='false'" /DEBUG /PDB:"C:\Users\SEC\Documents\Visual Studio 2010\Projects\PDSE02B_21000172\Debug\PDSE02B_21000172.pdb" /SUBSYSTEM:CONSOLE /TLBID:1 /DYNAMICBASE /NXCOMPAT /IMPLIB:"C:\Users\SEC\Documents\Visual Studio 2010\Projects\PDSE02B_21000172\Debug\PDSE02B_21000172.lib" /MACHINE:X86 Debug\PDSE02B_21000172.exe.embed.manifest.res
         Debug\PDSE02B_21000172.obj
       Manifest:
         C:\Program Files (x86)\Microsoft SDKs\Windows\v7.0A\bin\mt.exe /nologo /verbose /out:"Debug\PDSE02B_21000172.exe.embed.manifest" /manifest Debug\PDSE02B_21000172.exe.intermediate.manifest
         All outputs are up-to-date.
       LinkEmbedManifest:
         All outputs are up-to-date.
         PDSE02B_21000172.vcxproj -> C:\Users\SEC\Documents\Visual Studio 2010\Projects\PDSE02B_21000172\Debug\PDSE02B_21000172.exe
       FinalizeBuildStatus:
         Deleting file "Debug\PDSE02B_21000172.unsuccessfulbuild".
         Touching "Debug\PDSE02B_21000172.lastbuildstate".
     1>Done Building Project "C:\Users\SEC\Documents\Visual Studio 2010\Projects\PDSE02B_21000172\PDSE02B_21000172\PDSE02B_21000172.vcxproj" (build target(s)).

Build succeeded.

Time Elapsed 00:00:00.40
